{"/home/fred/projects/signalvantage/SignalVantage/src/theme.ts": {"path":"/home/fred/projects/signalvantage/SignalVantage/src/theme.ts","statementMap":{"0":{"start":{"line":10,"column":14},"end":{"line":17,"column":null}},"1":{"start":{"line":19,"column":13},"end":{"line":236,"column":null}}},"fnMap":{},"branchMap":{},"s":{"0":1,"1":1},"f":{},"b":{},"meta":{"lastBranch":0,"lastFunction":0,"lastStatement":2,"seen":{"s:10:14:17:Infinity":0,"s:19:13:236:Infinity":1}}}
,"/home/fred/projects/signalvantage/SignalVantage/src/components/StrategicObjectiveCard.tsx": {"path":"/home/fred/projects/signalvantage/SignalVantage/src/components/StrategicObjectiveCard.tsx","statementMap":{"0":{"start":{"line":16,"column":28},"end":{"line":16,"column":null}},"1":{"start":{"line":17,"column":29},"end":{"line":17,"column":null}},"2":{"start":{"line":18,"column":23},"end":{"line":18,"column":null}},"3":{"start":{"line":20,"column":31},"end":{"line":26,"column":null}},"4":{"start":{"line":21,"column":8},"end":{"line":21,"column":null}},"5":{"start":{"line":21,"column":37},"end":{"line":21,"column":null}},"6":{"start":{"line":22,"column":8},"end":{"line":22,"column":null}},"7":{"start":{"line":22,"column":28},"end":{"line":22,"column":null}},"8":{"start":{"line":23,"column":8},"end":{"line":23,"column":null}},"9":{"start":{"line":23,"column":30},"end":{"line":23,"column":null}},"10":{"start":{"line":24,"column":8},"end":{"line":24,"column":null}},"11":{"start":{"line":24,"column":27},"end":{"line":24,"column":null}},"12":{"start":{"line":25,"column":8},"end":{"line":25,"column":null}},"13":{"start":{"line":28,"column":20},"end":{"line":28,"column":null}},"14":{"start":{"line":29,"column":23},"end":{"line":29,"column":null}},"15":{"start":{"line":30,"column":18},"end":{"line":30,"column":null}},"16":{"start":{"line":33,"column":10},"end":{"line":33,"column":null}},"17":{"start":{"line":35,"column":27},"end":{"line":41,"column":null}},"18":{"start":{"line":36,"column":8},"end":{"line":40,"column":null}},"19":{"start":{"line":37,"column":27},"end":{"line":37,"column":null}},"20":{"start":{"line":38,"column":26},"end":{"line":38,"column":null}},"21":{"start":{"line":39,"column":21},"end":{"line":39,"column":null}},"22":{"start":{"line":43,"column":24},"end":{"line":43,"column":null}},"23":{"start":{"line":46,"column":18},"end":{"line":49,"column":null}},"24":{"start":{"line":48,"column":43},"end":{"line":48,"column":57}},"25":{"start":{"line":48,"column":86},"end":{"line":48,"column":89}},"26":{"start":{"line":52,"column":4},"end":{"line":149,"column":null}}},"fnMap":{"0":{"name":"StrategicObjectiveCard","decl":{"start":{"line":15,"column":16},"end":{"line":15,"column":39}},"loc":{"start":{"line":15,"column":70},"end":{"line":151,"column":null}},"line":15},"1":{"name":"(anonymous_1)","decl":{"start":{"line":20,"column":31},"end":{"line":20,"column":32}},"loc":{"start":{"line":20,"column":84},"end":{"line":26,"column":null}},"line":20},"2":{"name":"(anonymous_2)","decl":{"start":{"line":35,"column":27},"end":{"line":35,"column":33}},"loc":{"start":{"line":35,"column":33},"end":{"line":41,"column":null}},"line":35},"3":{"name":"(anonymous_3)","decl":{"start":{"line":48,"column":38},"end":{"line":48,"column":43}},"loc":{"start":{"line":48,"column":43},"end":{"line":48,"column":57}},"line":48},"4":{"name":"(anonymous_4)","decl":{"start":{"line":48,"column":66},"end":{"line":48,"column":67}},"loc":{"start":{"line":48,"column":86},"end":{"line":48,"column":89}},"line":48}},"branchMap":{"0":{"loc":{"start":{"line":21,"column":8},"end":{"line":21,"column":null}},"type":"if","locations":[{"start":{"line":21,"column":8},"end":{"line":21,"column":null}},{"start":{},"end":{}}],"line":21},"1":{"loc":{"start":{"line":22,"column":8},"end":{"line":22,"column":null}},"type":"if","locations":[{"start":{"line":22,"column":8},"end":{"line":22,"column":null}},{"start":{},"end":{}}],"line":22},"2":{"loc":{"start":{"line":23,"column":8},"end":{"line":23,"column":null}},"type":"if","locations":[{"start":{"line":23,"column":8},"end":{"line":23,"column":null}},{"start":{},"end":{}}],"line":23},"3":{"loc":{"start":{"line":24,"column":8},"end":{"line":24,"column":null}},"type":"if","locations":[{"start":{"line":24,"column":8},"end":{"line":24,"column":null}},{"start":{},"end":{}}],"line":24},"4":{"loc":{"start":{"line":28,"column":20},"end":{"line":28,"column":null}},"type":"binary-expr","locations":[{"start":{"line":28,"column":20},"end":{"line":28,"column":58}},{"start":{"line":28,"column":58},"end":{"line":28,"column":null}}],"line":28},"5":{"loc":{"start":{"line":30,"column":18},"end":{"line":30,"column":null}},"type":"binary-expr","locations":[{"start":{"line":30,"column":18},"end":{"line":30,"column":55}},{"start":{"line":30,"column":55},"end":{"line":30,"column":null}}],"line":30},"6":{"loc":{"start":{"line":36,"column":8},"end":{"line":40,"column":null}},"type":"switch","locations":[{"start":{"line":37,"column":12},"end":{"line":37,"column":null}},{"start":{"line":38,"column":12},"end":{"line":38,"column":null}},{"start":{"line":39,"column":12},"end":{"line":39,"column":null}}],"line":36},"7":{"loc":{"start":{"line":47,"column":12},"end":{"line":47,"column":null}},"type":"binary-expr","locations":[{"start":{"line":47,"column":12},"end":{"line":47,"column":50}},{"start":{"line":47,"column":50},"end":{"line":47,"column":null}}],"line":47},"8":{"loc":{"start":{"line":48,"column":12},"end":{"line":48,"column":null}},"type":"binary-expr","locations":[{"start":{"line":48,"column":12},"end":{"line":48,"column":94}},{"start":{"line":48,"column":94},"end":{"line":48,"column":null}}],"line":48},"9":{"loc":{"start":{"line":76,"column":21},"end":{"line":76,"column":null}},"type":"binary-expr","locations":[{"start":{"line":76,"column":21},"end":{"line":76,"column":46}},{"start":{"line":76,"column":46},"end":{"line":76,"column":null}}],"line":76},"10":{"loc":{"start":{"line":77,"column":21},"end":{"line":77,"column":null}},"type":"binary-expr","locations":[{"start":{"line":77,"column":21},"end":{"line":77,"column":46}},{"start":{"line":77,"column":46},"end":{"line":77,"column":null}}],"line":77},"11":{"loc":{"start":{"line":86,"column":35},"end":{"line":86,"column":null}},"type":"cond-expr","locations":[{"start":{"line":86,"column":54},"end":{"line":86,"column":66}},{"start":{"line":86,"column":66},"end":{"line":86,"column":null}}],"line":86},"12":{"loc":{"start":{"line":86,"column":66},"end":{"line":86,"column":null}},"type":"cond-expr","locations":[{"start":{"line":86,"column":85},"end":{"line":86,"column":97}},{"start":{"line":86,"column":97},"end":{"line":86,"column":null}}],"line":86},"13":{"loc":{"start":{"line":90,"column":39},"end":{"line":90,"column":null}},"type":"cond-expr","locations":[{"start":{"line":90,"column":58},"end":{"line":90,"column":87}},{"start":{"line":90,"column":87},"end":{"line":90,"column":null}}],"line":90},"14":{"loc":{"start":{"line":90,"column":87},"end":{"line":90,"column":null}},"type":"cond-expr","locations":[{"start":{"line":90,"column":106},"end":{"line":90,"column":135}},{"start":{"line":90,"column":135},"end":{"line":90,"column":null}}],"line":90},"15":{"loc":{"start":{"line":114,"column":29},"end":{"line":114,"column":null}},"type":"cond-expr","locations":[{"start":{"line":114,"column":48},"end":{"line":114,"column":68}},{"start":{"line":114,"column":68},"end":{"line":114,"column":null}}],"line":114},"16":{"loc":{"start":{"line":114,"column":68},"end":{"line":114,"column":null}},"type":"cond-expr","locations":[{"start":{"line":114,"column":87},"end":{"line":114,"column":109}},{"start":{"line":114,"column":109},"end":{"line":114,"column":null}}],"line":114},"17":{"loc":{"start":{"line":129,"column":35},"end":{"line":129,"column":null}},"type":"cond-expr","locations":[{"start":{"line":129,"column":63},"end":{"line":129,"column":74}},{"start":{"line":129,"column":74},"end":{"line":129,"column":null}}],"line":129},"18":{"loc":{"start":{"line":130,"column":33},"end":{"line":130,"column":null}},"type":"cond-expr","locations":[{"start":{"line":130,"column":61},"end":{"line":130,"column":67}},{"start":{"line":130,"column":67},"end":{"line":130,"column":null}}],"line":130},"19":{"loc":{"start":{"line":132,"column":25},"end":{"line":132,"column":null}},"type":"binary-expr","locations":[{"start":{"line":132,"column":25},"end":{"line":132,"column":53}},{"start":{"line":132,"column":53},"end":{"line":132,"column":null}}],"line":132},"20":{"loc":{"start":{"line":139,"column":17},"end":{"line":145,"column":null}},"type":"binary-expr","locations":[{"start":{"line":139,"column":17},"end":{"line":139,"column":null}},{"start":{"line":140,"column":20},"end":{"line":145,"column":null}}],"line":139},"21":{"loc":{"start":{"line":140,"column":75},"end":{"line":140,"column":null}},"type":"cond-expr","locations":[{"start":{"line":140,"column":105},"end":{"line":140,"column":120}},{"start":{"line":140,"column":120},"end":{"line":140,"column":null}}],"line":140},"22":{"loc":{"start":{"line":141,"column":25},"end":{"line":141,"column":null}},"type":"cond-expr","locations":[{"start":{"line":141,"column":55},"end":{"line":141,"column":95}},{"start":{"line":141,"column":95},"end":{"line":141,"column":null}}],"line":141}},"s":{"0":6,"1":6,"2":6,"3":6,"4":6,"5":5,"6":1,"7":1,"8":0,"9":0,"10":0,"11":0,"12":0,"13":6,"14":6,"15":6,"16":6,"17":6,"18":6,"19":1,"20":0,"21":5,"22":6,"23":6,"24":1,"25":1,"26":6},"f":{"0":6,"1":6,"2":6,"3":1,"4":1},"b":{"0":[5,1],"1":[1,0],"2":[0,0],"3":[0,0],"4":[6,1],"5":[6,1],"6":[1,0,5],"7":[6,6],"8":[6,5],"9":[6,5],"10":[6,0],"11":[6,0],"12":[0,0],"13":[6,0],"14":[0,0],"15":[6,0],"16":[0,0],"17":[0,6],"18":[0,6],"19":[6,0],"20":[6,1],"21":[1,0],"22":[1,0]},"meta":{"lastBranch":23,"lastFunction":5,"lastStatement":27,"seen":{"f:15:16:15:39":0,"s:16:28:16:Infinity":0,"s:17:29:17:Infinity":1,"s:18:23:18:Infinity":2,"s:20:31:26:Infinity":3,"f:20:31:20:32":1,"b:21:8:21:Infinity:undefined:undefined:undefined:undefined":0,"s:21:8:21:Infinity":4,"s:21:37:21:Infinity":5,"b:22:8:22:Infinity:undefined:undefined:undefined:undefined":1,"s:22:8:22:Infinity":6,"s:22:28:22:Infinity":7,"b:23:8:23:Infinity:undefined:undefined:undefined:undefined":2,"s:23:8:23:Infinity":8,"s:23:30:23:Infinity":9,"b:24:8:24:Infinity:undefined:undefined:undefined:undefined":3,"s:24:8:24:Infinity":10,"s:24:27:24:Infinity":11,"s:25:8:25:Infinity":12,"s:28:20:28:Infinity":13,"b:28:20:28:58:28:58:28:Infinity":4,"s:29:23:29:Infinity":14,"s:30:18:30:Infinity":15,"b:30:18:30:55:30:55:30:Infinity":5,"s:33:10:33:Infinity":16,"s:35:27:41:Infinity":17,"f:35:27:35:33":2,"b:37:12:37:Infinity:38:12:38:Infinity:39:12:39:Infinity":6,"s:36:8:40:Infinity":18,"s:37:27:37:Infinity":19,"s:38:26:38:Infinity":20,"s:39:21:39:Infinity":21,"s:43:24:43:Infinity":22,"s:46:18:49:Infinity":23,"b:47:12:47:50:47:50:47:Infinity":7,"b:48:12:48:94:48:94:48:Infinity":8,"f:48:38:48:43":3,"s:48:43:48:57":24,"f:48:66:48:67":4,"s:48:86:48:89":25,"s:52:4:149:Infinity":26,"b:76:21:76:46:76:46:76:Infinity":9,"b:77:21:77:46:77:46:77:Infinity":10,"b:86:54:86:66:86:66:86:Infinity":11,"b:86:85:86:97:86:97:86:Infinity":12,"b:90:58:90:87:90:87:90:Infinity":13,"b:90:106:90:135:90:135:90:Infinity":14,"b:114:48:114:68:114:68:114:Infinity":15,"b:114:87:114:109:114:109:114:Infinity":16,"b:129:63:129:74:129:74:129:Infinity":17,"b:130:61:130:67:130:67:130:Infinity":18,"b:132:25:132:53:132:53:132:Infinity":19,"b:139:17:139:Infinity:140:20:145:Infinity":20,"b:140:105:140:120:140:120:140:Infinity":21,"b:141:55:141:95:141:95:141:Infinity":22}}}
,"/home/fred/projects/signalvantage/SignalVantage/src/utils/commonMetrics.ts": {"path":"/home/fred/projects/signalvantage/SignalVantage/src/utils/commonMetrics.ts","statementMap":{"0":{"start":{"line":8,"column":50},"end":{"line":57,"column":null}}},"fnMap":{},"branchMap":{},"s":{"0":1},"f":{},"b":{},"meta":{"lastBranch":0,"lastFunction":0,"lastStatement":1,"seen":{"s:8:50:57:Infinity":0}}}
,"/home/fred/projects/signalvantage/SignalVantage/src/utils/executiveBriefing.ts": {"path":"/home/fred/projects/signalvantage/SignalVantage/src/utils/executiveBriefing.ts","statementMap":{"0":{"start":{"line":17,"column":41},"end":{"line":107,"column":null}},"1":{"start":{"line":18,"column":40},"end":{"line":18,"column":null}},"2":{"start":{"line":19,"column":36},"end":{"line":19,"column":null}},"3":{"start":{"line":20,"column":48},"end":{"line":20,"column":null}},"4":{"start":{"line":21,"column":40},"end":{"line":21,"column":null}},"5":{"start":{"line":23,"column":4},"end":{"line":38,"column":null}},"6":{"start":{"line":24,"column":14},"end":{"line":24,"column":null}},"7":{"start":{"line":25,"column":8},"end":{"line":33,"column":null}},"8":{"start":{"line":25,"column":32},"end":{"line":25,"column":null}},"9":{"start":{"line":25,"column":55},"end":{"line":33,"column":null}},"10":{"start":{"line":26,"column":36},"end":{"line":26,"column":null}},"11":{"start":{"line":30,"column":12},"end":{"line":32,"column":null}},"12":{"start":{"line":31,"column":16},"end":{"line":31,"column":null}},"13":{"start":{"line":36,"column":14},"end":{"line":36,"column":null}},"14":{"start":{"line":37,"column":8},"end":{"line":37,"column":null}},"15":{"start":{"line":37,"column":25},"end":{"line":37,"column":null}},"16":{"start":{"line":40,"column":40},"end":{"line":40,"column":null}},"17":{"start":{"line":43,"column":4},"end":{"line":53,"column":null}},"18":{"start":{"line":44,"column":8},"end":{"line":52,"column":null}},"19":{"start":{"line":46,"column":46},"end":{"line":51,"column":14}},"20":{"start":{"line":48,"column":239},"end":{"line":48,"column":253}},"21":{"start":{"line":56,"column":4},"end":{"line":66,"column":null}},"22":{"start":{"line":57,"column":8},"end":{"line":65,"column":null}},"23":{"start":{"line":59,"column":42},"end":{"line":64,"column":14}},"24":{"start":{"line":69,"column":4},"end":{"line":79,"column":null}},"25":{"start":{"line":70,"column":8},"end":{"line":78,"column":null}},"26":{"start":{"line":72,"column":46},"end":{"line":77,"column":14}},"27":{"start":{"line":82,"column":4},"end":{"line":92,"column":null}},"28":{"start":{"line":83,"column":8},"end":{"line":91,"column":null}},"29":{"start":{"line":85,"column":54},"end":{"line":90,"column":14}},"30":{"start":{"line":94,"column":4},"end":{"line":104,"column":null}},"31":{"start":{"line":95,"column":8},"end":{"line":103,"column":null}},"32":{"start":{"line":106,"column":4},"end":{"line":106,"column":null}}},"fnMap":{"0":{"name":"(anonymous_0)","decl":{"start":{"line":17,"column":41},"end":{"line":17,"column":42}},"loc":{"start":{"line":17,"column":89},"end":{"line":107,"column":null}},"line":17},"1":{"name":"(anonymous_1)","decl":{"start":{"line":23,"column":23},"end":{"line":23,"column":30}},"loc":{"start":{"line":23,"column":30},"end":{"line":38,"column":5}},"line":23},"2":{"name":"(anonymous_2)","decl":{"start":{"line":46,"column":38},"end":{"line":46,"column":46}},"loc":{"start":{"line":46,"column":46},"end":{"line":51,"column":14}},"line":46},"3":{"name":"(anonymous_3)","decl":{"start":{"line":48,"column":234},"end":{"line":48,"column":239}},"loc":{"start":{"line":48,"column":239},"end":{"line":48,"column":253}},"line":48},"4":{"name":"(anonymous_4)","decl":{"start":{"line":59,"column":34},"end":{"line":59,"column":42}},"loc":{"start":{"line":59,"column":42},"end":{"line":64,"column":14}},"line":59},"5":{"name":"(anonymous_5)","decl":{"start":{"line":72,"column":38},"end":{"line":72,"column":46}},"loc":{"start":{"line":72,"column":46},"end":{"line":77,"column":14}},"line":72},"6":{"name":"(anonymous_6)","decl":{"start":{"line":85,"column":46},"end":{"line":85,"column":54}},"loc":{"start":{"line":85,"column":54},"end":{"line":90,"column":14}},"line":85}},"branchMap":{"0":{"loc":{"start":{"line":25,"column":8},"end":{"line":33,"column":null}},"type":"if","locations":[{"start":{"line":25,"column":8},"end":{"line":33,"column":null}},{"start":{"line":25,"column":55},"end":{"line":33,"column":null}}],"line":25},"1":{"loc":{"start":{"line":25,"column":55},"end":{"line":33,"column":null}},"type":"if","locations":[{"start":{"line":25,"column":55},"end":{"line":33,"column":null}},{"start":{"line":27,"column":13},"end":{"line":33,"column":null}}],"line":25},"2":{"loc":{"start":{"line":30,"column":12},"end":{"line":32,"column":null}},"type":"if","locations":[{"start":{"line":30,"column":12},"end":{"line":32,"column":null}},{"start":{},"end":{}}],"line":30},"3":{"loc":{"start":{"line":36,"column":29},"end":{"line":36,"column":101}},"type":"binary-expr","locations":[{"start":{"line":36,"column":29},"end":{"line":36,"column":96}},{"start":{"line":36,"column":96},"end":{"line":36,"column":101}}],"line":36},"4":{"loc":{"start":{"line":37,"column":8},"end":{"line":37,"column":null}},"type":"if","locations":[{"start":{"line":37,"column":8},"end":{"line":37,"column":null}},{"start":{},"end":{}}],"line":37},"5":{"loc":{"start":{"line":43,"column":4},"end":{"line":53,"column":null}},"type":"if","locations":[{"start":{"line":43,"column":4},"end":{"line":53,"column":null}},{"start":{},"end":{}}],"line":43},"6":{"loc":{"start":{"line":48,"column":39},"end":{"line":48,"column":100}},"type":"binary-expr","locations":[{"start":{"line":48,"column":39},"end":{"line":48,"column":91}},{"start":{"line":48,"column":91},"end":{"line":48,"column":100}}],"line":48},"7":{"loc":{"start":{"line":48,"column":109},"end":{"line":48,"column":175}},"type":"binary-expr","locations":[{"start":{"line":48,"column":109},"end":{"line":48,"column":167}},{"start":{"line":48,"column":167},"end":{"line":48,"column":175}}],"line":48},"8":{"loc":{"start":{"line":48,"column":187},"end":{"line":48,"column":295}},"type":"binary-expr","locations":[{"start":{"line":48,"column":187},"end":{"line":48,"column":269}},{"start":{"line":48,"column":269},"end":{"line":48,"column":295}}],"line":48},"9":{"loc":{"start":{"line":56,"column":4},"end":{"line":66,"column":null}},"type":"if","locations":[{"start":{"line":56,"column":4},"end":{"line":66,"column":null}},{"start":{},"end":{}}],"line":56},"10":{"loc":{"start":{"line":61,"column":76},"end":{"line":61,"column":137}},"type":"binary-expr","locations":[{"start":{"line":61,"column":76},"end":{"line":61,"column":128}},{"start":{"line":61,"column":128},"end":{"line":61,"column":137}}],"line":61},"11":{"loc":{"start":{"line":69,"column":4},"end":{"line":79,"column":null}},"type":"if","locations":[{"start":{"line":69,"column":4},"end":{"line":79,"column":null}},{"start":{},"end":{}}],"line":69},"12":{"loc":{"start":{"line":82,"column":4},"end":{"line":92,"column":null}},"type":"if","locations":[{"start":{"line":82,"column":4},"end":{"line":92,"column":null}},{"start":{},"end":{}}],"line":82},"13":{"loc":{"start":{"line":87,"column":22},"end":{"line":87,"column":null}},"type":"binary-expr","locations":[{"start":{"line":87,"column":22},"end":{"line":87,"column":54}},{"start":{"line":87,"column":54},"end":{"line":87,"column":null}}],"line":87},"14":{"loc":{"start":{"line":94,"column":4},"end":{"line":104,"column":null}},"type":"if","locations":[{"start":{"line":94,"column":4},"end":{"line":104,"column":null}},{"start":{},"end":{}}],"line":94}},"s":{"0":1,"1":6,"2":6,"3":6,"4":6,"5":6,"6":5,"7":5,"8":1,"9":4,"10":1,"11":3,"12":1,"13":5,"14":5,"15":1,"16":6,"17":6,"18":1,"19":1,"20":1,"21":6,"22":1,"23":1,"24":6,"25":1,"26":1,"27":6,"28":1,"29":1,"30":6,"31":2,"32":6},"f":{"0":6,"1":5,"2":1,"3":1,"4":1,"5":1,"6":1},"b":{"0":[1,4],"1":[1,3],"2":[1,2],"3":[5,4],"4":[1,4],"5":[1,5],"6":[1,0],"7":[1,0],"8":[1,0],"9":[1,5],"10":[1,0],"11":[1,5],"12":[1,5],"13":[1,0],"14":[2,4]},"meta":{"lastBranch":15,"lastFunction":7,"lastStatement":33,"seen":{"s:17:41:107:Infinity":0,"f:17:41:17:42":0,"s:18:40:18:Infinity":1,"s:19:36:19:Infinity":2,"s:20:48:20:Infinity":3,"s:21:40:21:Infinity":4,"s:23:4:38:Infinity":5,"f:23:23:23:30":1,"s:24:14:24:Infinity":6,"b:25:8:33:Infinity:25:55:33:Infinity":0,"s:25:8:33:Infinity":7,"s:25:32:25:Infinity":8,"b:25:55:33:Infinity:27:13:33:Infinity":1,"s:25:55:33:Infinity":9,"s:26:36:26:Infinity":10,"b:30:12:32:Infinity:undefined:undefined:undefined:undefined":2,"s:30:12:32:Infinity":11,"s:31:16:31:Infinity":12,"s:36:14:36:Infinity":13,"b:36:29:36:96:36:96:36:101":3,"b:37:8:37:Infinity:undefined:undefined:undefined:undefined":4,"s:37:8:37:Infinity":14,"s:37:25:37:Infinity":15,"s:40:40:40:Infinity":16,"b:43:4:53:Infinity:undefined:undefined:undefined:undefined":5,"s:43:4:53:Infinity":17,"s:44:8:52:Infinity":18,"f:46:38:46:46":2,"s:46:46:51:14":19,"b:48:39:48:91:48:91:48:100":6,"b:48:109:48:167:48:167:48:175":7,"b:48:187:48:269:48:269:48:295":8,"f:48:234:48:239":3,"s:48:239:48:253":20,"b:56:4:66:Infinity:undefined:undefined:undefined:undefined":9,"s:56:4:66:Infinity":21,"s:57:8:65:Infinity":22,"f:59:34:59:42":4,"s:59:42:64:14":23,"b:61:76:61:128:61:128:61:137":10,"b:69:4:79:Infinity:undefined:undefined:undefined:undefined":11,"s:69:4:79:Infinity":24,"s:70:8:78:Infinity":25,"f:72:38:72:46":5,"s:72:46:77:14":26,"b:82:4:92:Infinity:undefined:undefined:undefined:undefined":12,"s:82:4:92:Infinity":27,"s:83:8:91:Infinity":28,"f:85:46:85:54":6,"s:85:54:90:14":29,"b:87:22:87:54:87:54:87:Infinity":13,"b:94:4:104:Infinity:undefined:undefined:undefined:undefined":14,"s:94:4:104:Infinity":30,"s:95:8:103:Infinity":31,"s:106:4:106:Infinity":32}}}
,"/home/fred/projects/signalvantage/SignalVantage/src/utils/heartbeatLogic.ts": {"path":"/home/fred/projects/signalvantage/SignalVantage/src/utils/heartbeatLogic.ts","statementMap":{"0":{"start":{"line":7,"column":34},"end":{"line":13,"column":null}},"1":{"start":{"line":8,"column":4},"end":{"line":8,"column":null}},"2":{"start":{"line":8,"column":27},"end":{"line":8,"column":null}},"3":{"start":{"line":9,"column":20},"end":{"line":9,"column":null}},"4":{"start":{"line":10,"column":16},"end":{"line":10,"column":null}},"5":{"start":{"line":12,"column":4},"end":{"line":12,"column":null}},"6":{"start":{"line":15,"column":31},"end":{"line":64,"column":null}},"7":{"start":{"line":20,"column":24},"end":{"line":20,"column":null}},"8":{"start":{"line":21,"column":22},"end":{"line":21,"column":null}},"9":{"start":{"line":22,"column":24},"end":{"line":22,"column":null}},"10":{"start":{"line":24,"column":28},"end":{"line":24,"column":null}},"11":{"start":{"line":27,"column":18},"end":{"line":30,"column":null}},"12":{"start":{"line":32,"column":33},"end":{"line":32,"column":null}},"13":{"start":{"line":33,"column":4},"end":{"line":33,"column":null}},"14":{"start":{"line":33,"column":33},"end":{"line":33,"column":null}},"15":{"start":{"line":34,"column":4},"end":{"line":34,"column":null}},"16":{"start":{"line":34,"column":30},"end":{"line":34,"column":null}},"17":{"start":{"line":38,"column":4},"end":{"line":40,"column":null}},"18":{"start":{"line":39,"column":8},"end":{"line":39,"column":null}},"19":{"start":{"line":42,"column":38},"end":{"line":42,"column":null}},"20":{"start":{"line":43,"column":25},"end":{"line":43,"column":null}},"21":{"start":{"line":44,"column":20},"end":{"line":44,"column":null}},"22":{"start":{"line":46,"column":4},"end":{"line":46,"column":null}},"23":{"start":{"line":46,"column":22},"end":{"line":46,"column":null}},"24":{"start":{"line":47,"column":4},"end":{"line":47,"column":null}},"25":{"start":{"line":47,"column":33},"end":{"line":47,"column":null}},"26":{"start":{"line":49,"column":4},"end":{"line":63,"column":null}},"27":{"start":{"line":66,"column":29},"end":{"line":72,"column":null}},"28":{"start":{"line":67,"column":10},"end":{"line":67,"column":null}},"29":{"start":{"line":68,"column":22},"end":{"line":68,"column":null}},"30":{"start":{"line":69,"column":4},"end":{"line":69,"column":null}},"31":{"start":{"line":69,"column":24},"end":{"line":69,"column":null}},"32":{"start":{"line":70,"column":4},"end":{"line":70,"column":null}},"33":{"start":{"line":70,"column":24},"end":{"line":70,"column":null}},"34":{"start":{"line":71,"column":4},"end":{"line":71,"column":null}},"35":{"start":{"line":74,"column":25},"end":{"line":78,"column":null}},"36":{"start":{"line":75,"column":4},"end":{"line":75,"column":null}},"37":{"start":{"line":75,"column":19},"end":{"line":75,"column":null}},"38":{"start":{"line":77,"column":4},"end":{"line":77,"column":null}},"39":{"start":{"line":80,"column":23},"end":{"line":96,"column":null}},"40":{"start":{"line":82,"column":18},"end":{"line":88,"column":null}},"41":{"start":{"line":83,"column":8},"end":{"line":83,"column":null}},"42":{"start":{"line":83,"column":35},"end":{"line":83,"column":null}},"43":{"start":{"line":84,"column":8},"end":{"line":84,"column":null}},"44":{"start":{"line":84,"column":26},"end":{"line":84,"column":null}},"45":{"start":{"line":85,"column":8},"end":{"line":85,"column":null}},"46":{"start":{"line":85,"column":28},"end":{"line":85,"column":null}},"47":{"start":{"line":86,"column":8},"end":{"line":86,"column":null}},"48":{"start":{"line":86,"column":25},"end":{"line":86,"column":null}},"49":{"start":{"line":87,"column":8},"end":{"line":87,"column":null}},"50":{"start":{"line":90,"column":20},"end":{"line":90,"column":null}},"51":{"start":{"line":91,"column":20},"end":{"line":91,"column":null}},"52":{"start":{"line":93,"column":4},"end":{"line":93,"column":null}},"53":{"start":{"line":93,"column":31},"end":{"line":93,"column":null}},"54":{"start":{"line":94,"column":4},"end":{"line":94,"column":null}},"55":{"start":{"line":94,"column":31},"end":{"line":94,"column":null}},"56":{"start":{"line":95,"column":4},"end":{"line":95,"column":null}},"57":{"start":{"line":100,"column":39},"end":{"line":137,"column":null}},"58":{"start":{"line":104,"column":4},"end":{"line":106,"column":null}},"59":{"start":{"line":105,"column":8},"end":{"line":105,"column":null}},"60":{"start":{"line":108,"column":21},"end":{"line":108,"column":null}},"61":{"start":{"line":109,"column":17},"end":{"line":109,"column":null}},"62":{"start":{"line":111,"column":4},"end":{"line":122,"column":null}},"63":{"start":{"line":112,"column":18},"end":{"line":112,"column":null}},"64":{"start":{"line":113,"column":8},"end":{"line":118,"column":null}},"65":{"start":{"line":113,"column":46},"end":{"line":113,"column":null}},"66":{"start":{"line":115,"column":12},"end":{"line":117,"column":null}},"67":{"start":{"line":115,"column":41},"end":{"line":115,"column":null}},"68":{"start":{"line":115,"column":47},"end":{"line":117,"column":null}},"69":{"start":{"line":116,"column":48},"end":{"line":116,"column":null}},"70":{"start":{"line":116,"column":54},"end":{"line":117,"column":null}},"71":{"start":{"line":117,"column":45},"end":{"line":117,"column":null}},"72":{"start":{"line":120,"column":8},"end":{"line":120,"column":null}},"73":{"start":{"line":120,"column":22},"end":{"line":120,"column":null}},"74":{"start":{"line":121,"column":8},"end":{"line":121,"column":null}},"75":{"start":{"line":124,"column":14},"end":{"line":124,"column":null}},"76":{"start":{"line":128,"column":4},"end":{"line":128,"column":null}},"77":{"start":{"line":128,"column":28},"end":{"line":128,"column":null}},"78":{"start":{"line":130,"column":20},"end":{"line":130,"column":null}},"79":{"start":{"line":130,"column":53},"end":{"line":130,"column":60}},"80":{"start":{"line":132,"column":4},"end":{"line":136,"column":null}},"81":{"start":{"line":139,"column":39},"end":{"line":171,"column":null}},"82":{"start":{"line":140,"column":28},"end":{"line":140,"column":null}},"83":{"start":{"line":142,"column":20},"end":{"line":142,"column":null}},"84":{"start":{"line":144,"column":21},"end":{"line":144,"column":null}},"85":{"start":{"line":145,"column":4},"end":{"line":148,"column":null}},"86":{"start":{"line":145,"column":37},"end":{"line":145,"column":null}},"87":{"start":{"line":145,"column":50},"end":{"line":148,"column":null}},"88":{"start":{"line":146,"column":33},"end":{"line":146,"column":null}},"89":{"start":{"line":146,"column":46},"end":{"line":148,"column":null}},"90":{"start":{"line":147,"column":32},"end":{"line":147,"column":null}},"91":{"start":{"line":148,"column":9},"end":{"line":148,"column":null}},"92":{"start":{"line":150,"column":18},"end":{"line":150,"column":null}},"93":{"start":{"line":152,"column":47},"end":{"line":152,"column":null}},"94":{"start":{"line":154,"column":4},"end":{"line":157,"column":null}},"95":{"start":{"line":154,"column":25},"end":{"line":154,"column":null}},"96":{"start":{"line":154,"column":33},"end":{"line":157,"column":null}},"97":{"start":{"line":155,"column":55},"end":{"line":155,"column":null}},"98":{"start":{"line":155,"column":63},"end":{"line":157,"column":null}},"99":{"start":{"line":156,"column":30},"end":{"line":156,"column":null}},"100":{"start":{"line":156,"column":38},"end":{"line":157,"column":null}},"101":{"start":{"line":157,"column":56},"end":{"line":157,"column":null}},"102":{"start":{"line":161,"column":4},"end":{"line":168,"column":null}},"103":{"start":{"line":162,"column":24},"end":{"line":162,"column":null}},"104":{"start":{"line":163,"column":8},"end":{"line":167,"column":null}},"105":{"start":{"line":165,"column":12},"end":{"line":165,"column":null}},"106":{"start":{"line":165,"column":36},"end":{"line":165,"column":null}},"107":{"start":{"line":170,"column":4},"end":{"line":170,"column":null}}},"fnMap":{"0":{"name":"(anonymous_0)","decl":{"start":{"line":7,"column":34},"end":{"line":7,"column":35}},"loc":{"start":{"line":7,"column":91},"end":{"line":13,"column":null}},"line":7},"1":{"name":"(anonymous_1)","decl":{"start":{"line":15,"column":31},"end":{"line":15,"column":null}},"loc":{"start":{"line":19,"column":23},"end":{"line":64,"column":null}},"line":19},"2":{"name":"(anonymous_2)","decl":{"start":{"line":66,"column":29},"end":{"line":66,"column":30}},"loc":{"start":{"line":66,"column":60},"end":{"line":72,"column":null}},"line":66},"3":{"name":"(anonymous_3)","decl":{"start":{"line":74,"column":25},"end":{"line":74,"column":26}},"loc":{"start":{"line":74,"column":74},"end":{"line":78,"column":null}},"line":74},"4":{"name":"(anonymous_4)","decl":{"start":{"line":80,"column":23},"end":{"line":80,"column":24}},"loc":{"start":{"line":80,"column":90},"end":{"line":96,"column":null}},"line":80},"5":{"name":"(anonymous_5)","decl":{"start":{"line":82,"column":18},"end":{"line":82,"column":19}},"loc":{"start":{"line":82,"column":30},"end":{"line":88,"column":null}},"line":82},"6":{"name":"(anonymous_6)","decl":{"start":{"line":100,"column":39},"end":{"line":100,"column":null}},"loc":{"start":{"line":102,"column":61},"end":{"line":137,"column":null}},"line":102},"7":{"name":"(anonymous_7)","decl":{"start":{"line":111,"column":24},"end":{"line":111,"column":29}},"loc":{"start":{"line":111,"column":29},"end":{"line":122,"column":5}},"line":111},"8":{"name":"(anonymous_8)","decl":{"start":{"line":130,"column":48},"end":{"line":130,"column":53}},"loc":{"start":{"line":130,"column":53},"end":{"line":130,"column":60}},"line":130},"9":{"name":"(anonymous_9)","decl":{"start":{"line":139,"column":39},"end":{"line":139,"column":40}},"loc":{"start":{"line":139,"column":90},"end":{"line":171,"column":null}},"line":139}},"branchMap":{"0":{"loc":{"start":{"line":8,"column":4},"end":{"line":8,"column":null}},"type":"if","locations":[{"start":{"line":8,"column":4},"end":{"line":8,"column":null}},{"start":{},"end":{}}],"line":8},"1":{"loc":{"start":{"line":12,"column":11},"end":{"line":12,"column":null}},"type":"cond-expr","locations":[{"start":{"line":12,"column":27},"end":{"line":12,"column":36}},{"start":{"line":12,"column":36},"end":{"line":12,"column":null}}],"line":12},"2":{"loc":{"start":{"line":28,"column":33},"end":{"line":28,"column":65}},"type":"binary-expr","locations":[{"start":{"line":28,"column":33},"end":{"line":28,"column":64}},{"start":{"line":28,"column":64},"end":{"line":28,"column":65}}],"line":28},"3":{"loc":{"start":{"line":33,"column":4},"end":{"line":33,"column":null}},"type":"if","locations":[{"start":{"line":33,"column":4},"end":{"line":33,"column":null}},{"start":{},"end":{}}],"line":33},"4":{"loc":{"start":{"line":34,"column":4},"end":{"line":34,"column":null}},"type":"if","locations":[{"start":{"line":34,"column":4},"end":{"line":34,"column":null}},{"start":{},"end":{}}],"line":34},"5":{"loc":{"start":{"line":38,"column":4},"end":{"line":40,"column":null}},"type":"if","locations":[{"start":{"line":38,"column":4},"end":{"line":40,"column":null}},{"start":{},"end":{}}],"line":38},"6":{"loc":{"start":{"line":44,"column":20},"end":{"line":44,"column":null}},"type":"cond-expr","locations":[{"start":{"line":44,"column":50},"end":{"line":44,"column":61}},{"start":{"line":44,"column":61},"end":{"line":44,"column":null}}],"line":44},"7":{"loc":{"start":{"line":44,"column":61},"end":{"line":44,"column":null}},"type":"cond-expr","locations":[{"start":{"line":44,"column":82},"end":{"line":44,"column":88}},{"start":{"line":44,"column":88},"end":{"line":44,"column":null}}],"line":44},"8":{"loc":{"start":{"line":44,"column":88},"end":{"line":44,"column":null}},"type":"cond-expr","locations":[{"start":{"line":44,"column":111},"end":{"line":44,"column":116}},{"start":{"line":44,"column":116},"end":{"line":44,"column":null}}],"line":44},"9":{"loc":{"start":{"line":46,"column":4},"end":{"line":46,"column":null}},"type":"if","locations":[{"start":{"line":46,"column":4},"end":{"line":46,"column":null}},{"start":{},"end":{}}],"line":46},"10":{"loc":{"start":{"line":47,"column":4},"end":{"line":47,"column":null}},"type":"if","locations":[{"start":{"line":47,"column":4},"end":{"line":47,"column":null}},{"start":{},"end":{}}],"line":47},"11":{"loc":{"start":{"line":50,"column":26},"end":{"line":50,"column":null}},"type":"binary-expr","locations":[{"start":{"line":50,"column":26},"end":{"line":50,"column":56}},{"start":{"line":50,"column":56},"end":{"line":50,"column":null}}],"line":50},"12":{"loc":{"start":{"line":57,"column":26},"end":{"line":57,"column":null}},"type":"cond-expr","locations":[{"start":{"line":57,"column":52},"end":{"line":57,"column":70}},{"start":{"line":57,"column":70},"end":{"line":57,"column":null}}],"line":57},"13":{"loc":{"start":{"line":67,"column":18},"end":{"line":67,"column":50}},"type":"binary-expr","locations":[{"start":{"line":67,"column":18},"end":{"line":67,"column":43}},{"start":{"line":67,"column":43},"end":{"line":67,"column":50}}],"line":67},"14":{"loc":{"start":{"line":67,"column":50},"end":{"line":67,"column":null}},"type":"binary-expr","locations":[{"start":{"line":67,"column":50},"end":{"line":67,"column":79}},{"start":{"line":67,"column":79},"end":{"line":67,"column":null}}],"line":67},"15":{"loc":{"start":{"line":69,"column":4},"end":{"line":69,"column":null}},"type":"if","locations":[{"start":{"line":69,"column":4},"end":{"line":69,"column":null}},{"start":{},"end":{}}],"line":69},"16":{"loc":{"start":{"line":70,"column":4},"end":{"line":70,"column":null}},"type":"if","locations":[{"start":{"line":70,"column":4},"end":{"line":70,"column":null}},{"start":{},"end":{}}],"line":70},"17":{"loc":{"start":{"line":75,"column":4},"end":{"line":75,"column":null}},"type":"if","locations":[{"start":{"line":75,"column":4},"end":{"line":75,"column":null}},{"start":{},"end":{}}],"line":75},"18":{"loc":{"start":{"line":83,"column":8},"end":{"line":83,"column":null}},"type":"if","locations":[{"start":{"line":83,"column":8},"end":{"line":83,"column":null}},{"start":{},"end":{}}],"line":83},"19":{"loc":{"start":{"line":84,"column":8},"end":{"line":84,"column":null}},"type":"if","locations":[{"start":{"line":84,"column":8},"end":{"line":84,"column":null}},{"start":{},"end":{}}],"line":84},"20":{"loc":{"start":{"line":85,"column":8},"end":{"line":85,"column":null}},"type":"if","locations":[{"start":{"line":85,"column":8},"end":{"line":85,"column":null}},{"start":{},"end":{}}],"line":85},"21":{"loc":{"start":{"line":86,"column":8},"end":{"line":86,"column":null}},"type":"if","locations":[{"start":{"line":86,"column":8},"end":{"line":86,"column":null}},{"start":{},"end":{}}],"line":86},"22":{"loc":{"start":{"line":93,"column":4},"end":{"line":93,"column":null}},"type":"if","locations":[{"start":{"line":93,"column":4},"end":{"line":93,"column":null}},{"start":{},"end":{}}],"line":93},"23":{"loc":{"start":{"line":94,"column":4},"end":{"line":94,"column":null}},"type":"if","locations":[{"start":{"line":94,"column":4},"end":{"line":94,"column":null}},{"start":{},"end":{}}],"line":94},"24":{"loc":{"start":{"line":104,"column":4},"end":{"line":106,"column":null}},"type":"if","locations":[{"start":{"line":104,"column":4},"end":{"line":106,"column":null}},{"start":{},"end":{}}],"line":104},"25":{"loc":{"start":{"line":113,"column":8},"end":{"line":118,"column":null}},"type":"if","locations":[{"start":{"line":113,"column":8},"end":{"line":118,"column":null}},{"start":{"line":114,"column":13},"end":{"line":118,"column":null}}],"line":113},"26":{"loc":{"start":{"line":115,"column":12},"end":{"line":117,"column":null}},"type":"if","locations":[{"start":{"line":115,"column":12},"end":{"line":117,"column":null}},{"start":{"line":115,"column":47},"end":{"line":117,"column":null}}],"line":115},"27":{"loc":{"start":{"line":115,"column":47},"end":{"line":117,"column":null}},"type":"if","locations":[{"start":{"line":115,"column":47},"end":{"line":117,"column":null}},{"start":{"line":116,"column":54},"end":{"line":117,"column":null}}],"line":115},"28":{"loc":{"start":{"line":116,"column":54},"end":{"line":117,"column":null}},"type":"if","locations":[{"start":{"line":116,"column":54},"end":{"line":117,"column":null}},{"start":{},"end":{}}],"line":116},"29":{"loc":{"start":{"line":120,"column":8},"end":{"line":120,"column":null}},"type":"if","locations":[{"start":{"line":120,"column":8},"end":{"line":120,"column":null}},{"start":{},"end":{}}],"line":120},"30":{"loc":{"start":{"line":128,"column":4},"end":{"line":128,"column":null}},"type":"if","locations":[{"start":{"line":128,"column":4},"end":{"line":128,"column":null}},{"start":{},"end":{}}],"line":128},"31":{"loc":{"start":{"line":128,"column":8},"end":{"line":128,"column":28}},"type":"binary-expr","locations":[{"start":{"line":128,"column":8},"end":{"line":128,"column":18}},{"start":{"line":128,"column":18},"end":{"line":128,"column":28}}],"line":128},"32":{"loc":{"start":{"line":142,"column":20},"end":{"line":142,"column":null}},"type":"binary-expr","locations":[{"start":{"line":142,"column":20},"end":{"line":142,"column":75}},{"start":{"line":142,"column":75},"end":{"line":142,"column":null}}],"line":142},"33":{"loc":{"start":{"line":145,"column":4},"end":{"line":148,"column":null}},"type":"if","locations":[{"start":{"line":145,"column":4},"end":{"line":148,"column":null}},{"start":{"line":145,"column":50},"end":{"line":148,"column":null}}],"line":145},"34":{"loc":{"start":{"line":145,"column":50},"end":{"line":148,"column":null}},"type":"if","locations":[{"start":{"line":145,"column":50},"end":{"line":148,"column":null}},{"start":{"line":146,"column":46},"end":{"line":148,"column":null}}],"line":145},"35":{"loc":{"start":{"line":146,"column":46},"end":{"line":148,"column":null}},"type":"if","locations":[{"start":{"line":146,"column":46},"end":{"line":148,"column":null}},{"start":{"line":148,"column":9},"end":{"line":148,"column":null}}],"line":146},"36":{"loc":{"start":{"line":150,"column":18},"end":{"line":150,"column":null}},"type":"binary-expr","locations":[{"start":{"line":150,"column":18},"end":{"line":150,"column":72}},{"start":{"line":150,"column":72},"end":{"line":150,"column":null}}],"line":150},"37":{"loc":{"start":{"line":154,"column":4},"end":{"line":157,"column":null}},"type":"if","locations":[{"start":{"line":154,"column":4},"end":{"line":157,"column":null}},{"start":{"line":154,"column":33},"end":{"line":157,"column":null}}],"line":154},"38":{"loc":{"start":{"line":154,"column":33},"end":{"line":157,"column":null}},"type":"if","locations":[{"start":{"line":154,"column":33},"end":{"line":157,"column":null}},{"start":{"line":155,"column":63},"end":{"line":157,"column":null}}],"line":154},"39":{"loc":{"start":{"line":155,"column":13},"end":{"line":155,"column":55}},"type":"binary-expr","locations":[{"start":{"line":155,"column":13},"end":{"line":155,"column":32}},{"start":{"line":155,"column":32},"end":{"line":155,"column":55}}],"line":155},"40":{"loc":{"start":{"line":155,"column":63},"end":{"line":157,"column":null}},"type":"if","locations":[{"start":{"line":155,"column":63},"end":{"line":157,"column":null}},{"start":{"line":156,"column":38},"end":{"line":157,"column":null}}],"line":155},"41":{"loc":{"start":{"line":156,"column":38},"end":{"line":157,"column":null}},"type":"if","locations":[{"start":{"line":156,"column":38},"end":{"line":157,"column":null}},{"start":{},"end":{}}],"line":156},"42":{"loc":{"start":{"line":157,"column":13},"end":{"line":157,"column":56}},"type":"binary-expr","locations":[{"start":{"line":157,"column":13},"end":{"line":157,"column":33}},{"start":{"line":157,"column":33},"end":{"line":157,"column":56}}],"line":157},"43":{"loc":{"start":{"line":161,"column":4},"end":{"line":168,"column":null}},"type":"if","locations":[{"start":{"line":161,"column":4},"end":{"line":168,"column":null}},{"start":{},"end":{}}],"line":161},"44":{"loc":{"start":{"line":163,"column":8},"end":{"line":167,"column":null}},"type":"if","locations":[{"start":{"line":163,"column":8},"end":{"line":167,"column":null}},{"start":{},"end":{}}],"line":163},"45":{"loc":{"start":{"line":165,"column":12},"end":{"line":165,"column":null}},"type":"if","locations":[{"start":{"line":165,"column":12},"end":{"line":165,"column":null}},{"start":{},"end":{}}],"line":165}},"s":{"0":2,"1":12,"2":10,"3":2,"4":2,"5":2,"6":2,"7":8,"8":8,"9":8,"10":8,"11":8,"12":8,"13":8,"14":7,"15":8,"16":0,"17":8,"18":0,"19":8,"20":8,"21":8,"22":8,"23":1,"24":8,"25":7,"26":8,"27":2,"28":8,"29":8,"30":8,"31":7,"32":1,"33":0,"34":1,"35":2,"36":8,"37":5,"38":3,"39":2,"40":8,"41":16,"42":11,"43":5,"44":0,"45":5,"46":0,"47":5,"48":0,"49":5,"50":8,"51":8,"52":8,"53":5,"54":3,"55":2,"56":1,"57":2,"58":4,"59":1,"60":3,"61":3,"62":3,"63":7,"64":7,"65":5,"66":2,"67":1,"68":1,"69":1,"70":0,"71":0,"72":7,"73":1,"74":7,"75":3,"76":3,"77":1,"78":3,"79":7,"80":3,"81":2,"82":5,"83":5,"84":5,"85":5,"86":5,"87":0,"88":0,"89":0,"90":0,"91":0,"92":5,"93":5,"94":5,"95":1,"96":4,"97":1,"98":3,"99":1,"100":2,"101":0,"102":5,"103":1,"104":1,"105":1,"106":1,"107":5},"f":{"0":12,"1":8,"2":8,"3":8,"4":8,"5":16,"6":4,"7":7,"8":7,"9":5},"b":{"0":[10,2],"1":[1,1],"2":[8,8],"3":[7,1],"4":[0,8],"5":[0,8],"6":[8,0],"7":[0,0],"8":[0,0],"9":[1,7],"10":[7,1],"11":[8,0],"12":[7,1],"13":[8,0],"14":[8,0],"15":[7,1],"16":[0,1],"17":[5,3],"18":[11,5],"19":[0,5],"20":[0,5],"21":[0,5],"22":[5,3],"23":[2,1],"24":[1,3],"25":[5,2],"26":[1,1],"27":[1,0],"28":[0,0],"29":[1,6],"30":[1,2],"31":[3,1],"32":[5,0],"33":[5,0],"34":[0,0],"35":[0,0],"36":[5,1],"37":[1,4],"38":[1,3],"39":[4,2],"40":[1,2],"41":[0,2],"42":[2,2],"43":[1,4],"44":[1,0],"45":[1,0]},"meta":{"lastBranch":46,"lastFunction":10,"lastStatement":108,"seen":{"s:7:34:13:Infinity":0,"f:7:34:7:35":0,"b:8:4:8:Infinity:undefined:undefined:undefined:undefined":0,"s:8:4:8:Infinity":1,"s:8:27:8:Infinity":2,"s:9:20:9:Infinity":3,"s:10:16:10:Infinity":4,"s:12:4:12:Infinity":5,"b:12:27:12:36:12:36:12:Infinity":1,"s:15:31:64:Infinity":6,"f:15:31:15:Infinity":1,"s:20:24:20:Infinity":7,"s:21:22:21:Infinity":8,"s:22:24:22:Infinity":9,"s:24:28:24:Infinity":10,"s:27:18:30:Infinity":11,"b:28:33:28:64:28:64:28:65":2,"s:32:33:32:Infinity":12,"b:33:4:33:Infinity:undefined:undefined:undefined:undefined":3,"s:33:4:33:Infinity":13,"s:33:33:33:Infinity":14,"b:34:4:34:Infinity:undefined:undefined:undefined:undefined":4,"s:34:4:34:Infinity":15,"s:34:30:34:Infinity":16,"b:38:4:40:Infinity:undefined:undefined:undefined:undefined":5,"s:38:4:40:Infinity":17,"s:39:8:39:Infinity":18,"s:42:38:42:Infinity":19,"s:43:25:43:Infinity":20,"s:44:20:44:Infinity":21,"b:44:50:44:61:44:61:44:Infinity":6,"b:44:82:44:88:44:88:44:Infinity":7,"b:44:111:44:116:44:116:44:Infinity":8,"b:46:4:46:Infinity:undefined:undefined:undefined:undefined":9,"s:46:4:46:Infinity":22,"s:46:22:46:Infinity":23,"b:47:4:47:Infinity:undefined:undefined:undefined:undefined":10,"s:47:4:47:Infinity":24,"s:47:33:47:Infinity":25,"s:49:4:63:Infinity":26,"b:50:26:50:56:50:56:50:Infinity":11,"b:57:52:57:70:57:70:57:Infinity":12,"s:66:29:72:Infinity":27,"f:66:29:66:30":2,"s:67:10:67:Infinity":28,"b:67:18:67:43:67:43:67:50":13,"b:67:50:67:79:67:79:67:Infinity":14,"s:68:22:68:Infinity":29,"b:69:4:69:Infinity:undefined:undefined:undefined:undefined":15,"s:69:4:69:Infinity":30,"s:69:24:69:Infinity":31,"b:70:4:70:Infinity:undefined:undefined:undefined:undefined":16,"s:70:4:70:Infinity":32,"s:70:24:70:Infinity":33,"s:71:4:71:Infinity":34,"s:74:25:78:Infinity":35,"f:74:25:74:26":3,"b:75:4:75:Infinity:undefined:undefined:undefined:undefined":17,"s:75:4:75:Infinity":36,"s:75:19:75:Infinity":37,"s:77:4:77:Infinity":38,"s:80:23:96:Infinity":39,"f:80:23:80:24":4,"s:82:18:88:Infinity":40,"f:82:18:82:19":5,"b:83:8:83:Infinity:undefined:undefined:undefined:undefined":18,"s:83:8:83:Infinity":41,"s:83:35:83:Infinity":42,"b:84:8:84:Infinity:undefined:undefined:undefined:undefined":19,"s:84:8:84:Infinity":43,"s:84:26:84:Infinity":44,"b:85:8:85:Infinity:undefined:undefined:undefined:undefined":20,"s:85:8:85:Infinity":45,"s:85:28:85:Infinity":46,"b:86:8:86:Infinity:undefined:undefined:undefined:undefined":21,"s:86:8:86:Infinity":47,"s:86:25:86:Infinity":48,"s:87:8:87:Infinity":49,"s:90:20:90:Infinity":50,"s:91:20:91:Infinity":51,"b:93:4:93:Infinity:undefined:undefined:undefined:undefined":22,"s:93:4:93:Infinity":52,"s:93:31:93:Infinity":53,"b:94:4:94:Infinity:undefined:undefined:undefined:undefined":23,"s:94:4:94:Infinity":54,"s:94:31:94:Infinity":55,"s:95:4:95:Infinity":56,"s:100:39:137:Infinity":57,"f:100:39:100:Infinity":6,"b:104:4:106:Infinity:undefined:undefined:undefined:undefined":24,"s:104:4:106:Infinity":58,"s:105:8:105:Infinity":59,"s:108:21:108:Infinity":60,"s:109:17:109:Infinity":61,"s:111:4:122:Infinity":62,"f:111:24:111:29":7,"s:112:18:112:Infinity":63,"b:113:8:118:Infinity:114:13:118:Infinity":25,"s:113:8:118:Infinity":64,"s:113:46:113:Infinity":65,"b:115:12:117:Infinity:115:47:117:Infinity":26,"s:115:12:117:Infinity":66,"s:115:41:115:Infinity":67,"b:115:47:117:Infinity:116:54:117:Infinity":27,"s:115:47:117:Infinity":68,"s:116:48:116:Infinity":69,"b:116:54:117:Infinity:undefined:undefined:undefined:undefined":28,"s:116:54:117:Infinity":70,"s:117:45:117:Infinity":71,"b:120:8:120:Infinity:undefined:undefined:undefined:undefined":29,"s:120:8:120:Infinity":72,"s:120:22:120:Infinity":73,"s:121:8:121:Infinity":74,"s:124:14:124:Infinity":75,"b:128:4:128:Infinity:undefined:undefined:undefined:undefined":30,"s:128:4:128:Infinity":76,"b:128:8:128:18:128:18:128:28":31,"s:128:28:128:Infinity":77,"s:130:20:130:Infinity":78,"f:130:48:130:53":8,"s:130:53:130:60":79,"s:132:4:136:Infinity":80,"s:139:39:171:Infinity":81,"f:139:39:139:40":9,"s:140:28:140:Infinity":82,"s:142:20:142:Infinity":83,"b:142:20:142:75:142:75:142:Infinity":32,"s:144:21:144:Infinity":84,"b:145:4:148:Infinity:145:50:148:Infinity":33,"s:145:4:148:Infinity":85,"s:145:37:145:Infinity":86,"b:145:50:148:Infinity:146:46:148:Infinity":34,"s:145:50:148:Infinity":87,"s:146:33:146:Infinity":88,"b:146:46:148:Infinity:148:9:148:Infinity":35,"s:146:46:148:Infinity":89,"s:147:32:147:Infinity":90,"s:148:9:148:Infinity":91,"s:150:18:150:Infinity":92,"b:150:18:150:72:150:72:150:Infinity":36,"s:152:47:152:Infinity":93,"b:154:4:157:Infinity:154:33:157:Infinity":37,"s:154:4:157:Infinity":94,"s:154:25:154:Infinity":95,"b:154:33:157:Infinity:155:63:157:Infinity":38,"s:154:33:157:Infinity":96,"b:155:13:155:32:155:32:155:55":39,"s:155:55:155:Infinity":97,"b:155:63:157:Infinity:156:38:157:Infinity":40,"s:155:63:157:Infinity":98,"s:156:30:156:Infinity":99,"b:156:38:157:Infinity:undefined:undefined:undefined:undefined":41,"s:156:38:157:Infinity":100,"b:157:13:157:33:157:33:157:56":42,"s:157:56:157:Infinity":101,"b:161:4:168:Infinity:undefined:undefined:undefined:undefined":43,"s:161:4:168:Infinity":102,"s:162:24:162:Infinity":103,"b:163:8:167:Infinity:undefined:undefined:undefined:undefined":44,"s:163:8:167:Infinity":104,"b:165:12:165:Infinity:undefined:undefined:undefined:undefined":45,"s:165:12:165:Infinity":105,"s:165:36:165:Infinity":106,"s:170:4:170:Infinity":107}}}
}
